<?xml version="1.0" encoding="UTF-8"?>
<!-- Generated by org.testng.reporters.JUnitReportReporter -->
<testsuite hostname="LAPTOP-8HQPNJSF" failures="0" tests="1" name="com.web.testcases.UserSetting" time="32.456" errors="0" timestamp="27 Feb 2023 04:18:41 GMT" skipped="0">
  <testcase classname="com.web.testcases.UserSetting" name="UserSettings" time="32.456"/>
</testsuite> <!-- com.web.testcases.UserSetting -->
