<?xml version="1.0" encoding="UTF-8"?>
<!-- Generated by org.testng.reporters.JUnitReportReporter -->
<testsuite hostname="RaghavendraDamaraju" failures="0" tests="1" name="com.testcase.testsuite.ParabankAdminPage" time="6.072" errors="0" timestamp="07 Jun 2023 11:48:54 GMT" skipped="0">
  <testcase classname="com.testcase.testsuite.ParabankAdminPage" name="SignInForMagento" time="6.072"/>
</testsuite> <!-- com.testcase.testsuite.ParabankAdminPage -->
