<?xml version="1.0" encoding="UTF-8"?>
<!-- Generated by org.testng.reporters.JUnitReportReporter -->
<testsuite hostname="LAPTOP-8HQPNJSF" failures="0" tests="1" name="com.web.testcases.TC004" time="0.033" errors="0" timestamp="15 Dec 2022 13:52:14 GMT" skipped="0">
  <testcase classname="com.web.testcases.TC004" name="loginAsManager1" time="0.033"/>
</testsuite> <!-- com.web.testcases.TC004 -->
