<?xml version="1.0" encoding="UTF-8"?>
<!-- Generated by org.testng.reporters.JUnitReportReporter -->
<testsuite hostname="DESKTOP-P9S0QB9" failures="0" tests="1" name="com.testcase.testsuite.NaukriUpdate" time="1.145" errors="0" timestamp="25 Apr 2023 08:13:09 GMT" skipped="0">
  <testcase classname="com.testcase.testsuite.NaukriUpdate" name="UserCreation" time="1.145"/>
</testsuite> <!-- com.testcase.testsuite.NaukriUpdate -->
