<?xml version="1.0" encoding="UTF-8"?>
<!-- Generated by org.testng.reporters.JUnitReportReporter -->
<testsuite hostname="DESKTOP-P9S0QB9" failures="0" tests="1" name="com.testcase.testsuite.SignupForMagento" time="8.760" errors="0" timestamp="01 May 2023 12:15:36 GMT" skipped="0">
  <testcase classname="com.testcase.testsuite.SignupForMagento" name="UserCreation" time="8.760"/>
</testsuite> <!-- com.testcase.testsuite.SignupForMagento -->
