<?xml version="1.0" encoding="UTF-8"?>
<!-- Generated by org.testng.reporters.JUnitReportReporter -->
<testsuite hostname="LAPTOP-8HQPNJSF" failures="0" tests="1" name="com.web.testcases.TC003" time="7.794" errors="0" timestamp="19 Dec 2022 12:54:57 GMT" skipped="0">
  <testcase classname="com.web.testcases.TC003" name="loginAsManager" time="7.794"/>
</testsuite> <!-- com.web.testcases.TC003 -->
