<?xml version="1.0" encoding="UTF-8"?>
<!-- Generated by org.testng.reporters.JUnitReportReporter -->
<testsuite hostname="LAPTOP-8HQPNJSF" failures="0" tests="1" name="com.web.testcases.UserCreation" time="0.326" errors="0" timestamp="28 Feb 2023 03:34:20 GMT" skipped="0">
  <testcase classname="com.web.testcases.UserCreation" name="User" time="0.326"/>
</testsuite> <!-- com.web.testcases.UserCreation -->
