<?xml version="1.0" encoding="UTF-8"?>
<!-- Generated by org.testng.reporters.JUnitReportReporter -->
<testsuite hostname="LAPTOP-8HQPNJSF" failures="0" tests="2" name="com.web.Idea.TC_33_Reg_AddIdeaPage" time="103.974" errors="0" timestamp="13 Apr 2023 10:20:35 GMT" skipped="0">
  <testcase classname="com.web.Idea.TC_33_Reg_AddIdeaPage" name="AddQuestions" time="52.580"/>
  <testcase classname="com.web.Idea.TC_33_Reg_AddIdeaPage" name="AddQuestions" time="51.394"/>
</testsuite> <!-- com.web.Idea.TC_33_Reg_AddIdeaPage -->
