<?xml version="1.0" encoding="UTF-8"?>
<!-- Generated by org.testng.reporters.JUnitReportReporter -->
<testsuite hostname="DESKTOP-P9S0QB9" failures="0" tests="1" name="com.testcase.testsuite.SigninForMagento" time="37.527" errors="0" timestamp="06 May 2023 14:58:25 GMT" skipped="0">
  <testcase classname="com.testcase.testsuite.SigninForMagento" name="SignInForMagento" time="37.527"/>
</testsuite> <!-- com.testcase.testsuite.SigninForMagento -->
