<?xml version="1.0" encoding="UTF-8"?>
<!-- Generated by org.testng.reporters.JUnitReportReporter -->
<testsuite hostname="LAPTOP-8HQPNJSF" failures="0" tests="1" name="com.web.FlowchartAssessment.TC_002_Reg_EditAssessment" time="60.165" errors="0" timestamp="13 Apr 2023 10:20:35 GMT" skipped="0">
  <testcase classname="com.web.FlowchartAssessment.TC_002_Reg_EditAssessment" name="AddQuestions" time="60.165"/>
</testsuite> <!-- com.web.FlowchartAssessment.TC_002_Reg_EditAssessment -->
