<?xml version="1.0" encoding="UTF-8"?>
<!-- Generated by org.testng.reporters.JUnitReportReporter -->
<testsuite hostname="LAPTOP-8HQPNJSF" failures="0" tests="1" name="com.web.FlowchartAssessment.TC_37_PreProjectPlan" time="443.969" errors="0" timestamp="14 Apr 2023 09:03:01 GMT" skipped="0">
  <testcase classname="com.web.FlowchartAssessment.TC_37_PreProjectPlan" name="AddQuestions" time="443.969"/>
</testsuite> <!-- com.web.FlowchartAssessment.TC_37_PreProjectPlan -->
