<?xml version="1.0" encoding="UTF-8"?>
<!-- Generated by org.testng.reporters.JUnitReportReporter -->
<testsuite hostname="RaghavendraDamaraju" failures="0" tests="1" name="com.testcase.testsuite.AmazonLogin_TC001" time="17.050" errors="0" timestamp="28 Aug 2023 06:47:15 GMT" skipped="0">
  <testcase classname="com.testcase.testsuite.AmazonLogin_TC001" name="Amazon_Login_TC001" time="17.050"/>
</testsuite> <!-- com.testcase.testsuite.AmazonLogin_TC001 -->
