<?xml version="1.0" encoding="UTF-8"?>
<!-- Generated by org.testng.reporters.JUnitReportReporter -->
<testsuite hostname="LAPTOP-8HQPNJSF" failures="0" tests="1" name="com.web.testcases.OrganizationDelete" time="20.168" errors="0" timestamp="09 Mar 2023 07:02:51 GMT" skipped="0">
  <testcase classname="com.web.testcases.OrganizationDelete" name="User" time="20.168"/>
</testsuite> <!-- com.web.testcases.OrganizationDelete -->
