<?xml version="1.0" encoding="UTF-8"?>
<!-- Generated by org.testng.reporters.JUnitReportReporter -->
<testsuite hostname="RaghavendraDamaraju" failures="0" tests="1" name="com.testcase.testsuite.ParabankAdminPage" time="0.487" errors="0" timestamp="11 Jul 2023 04:59:54 GMT" skipped="0">
  <testcase classname="com.testcase.testsuite.ParabankAdminPage" name="SignInForMagento" time="0.487"/>
</testsuite> <!-- com.testcase.testsuite.ParabankAdminPage -->
