<?xml version="1.0" encoding="UTF-8"?>
<!-- Generated by org.testng.reporters.JUnitReportReporter -->
<testsuite hostname="LAPTOP-8HQPNJSF" failures="0" tests="1" name="com.web.testcases.TC008" time="1.530" errors="0" timestamp="07 Dec 2022 05:11:50 GMT" skipped="0">
  <testcase classname="com.web.testcases.TC008" name="loginAsManager" time="1.530"/>
</testsuite> <!-- com.web.testcases.TC008 -->
