<?xml version="1.0" encoding="UTF-8"?>
<!-- Generated by org.testng.reporters.JUnitReportReporter -->
<testsuite hostname="LAPTOP-8HQPNJSF" failures="0" tests="1" name="com.web.testcases.CreateIdea" time="0.795" errors="0" timestamp="08 Feb 2023 07:43:45 GMT" skipped="0">
  <testcase classname="com.web.testcases.CreateIdea" name="User" time="0.795"/>
</testsuite> <!-- com.web.testcases.CreateIdea -->
