<?xml version="1.0" encoding="UTF-8"?>
<!-- Generated by org.testng.reporters.JUnitReportReporter -->
<testsuite hostname="DESKTOP-P9S0QB9" failures="0" tests="1" name="com.testcase.testsuite.HeadlessBrowser" time="3.242" errors="0" timestamp="30 Apr 2023 15:15:46 GMT" skipped="0">
  <testcase classname="com.testcase.testsuite.HeadlessBrowser" name="Headless" time="3.242"/>
</testsuite> <!-- com.testcase.testsuite.HeadlessBrowser -->
