<?xml version="1.0" encoding="UTF-8"?>
<!-- Generated by org.testng.reporters.JUnitReportReporter -->
<testsuite hostname="DESKTOP-P9S0QB9" failures="0" tests="1" name="com.testcase.testsuite.SwagLabsLoginTest" time="5.070" errors="0" timestamp="28 Apr 2023 04:54:30 GMT" skipped="0">
  <testcase classname="com.testcase.testsuite.SwagLabsLoginTest" name="UserCreation2" time="5.070"/>
</testsuite> <!-- com.testcase.testsuite.SwagLabsLoginTest -->
