<?xml version="1.0" encoding="UTF-8"?>
<!-- Generated by org.testng.reporters.JUnitReportReporter -->
<testsuite hostname="LAPTOP-8HQPNJSF" failures="0" tests="1" name="com.web.testcases.TC001" time="0.029" errors="0" timestamp="23 Dec 2022 11:56:48 GMT" skipped="0">
  <testcase classname="com.web.testcases.TC001" name="loginAsManager" time="0.029"/>
</testsuite> <!-- com.web.testcases.TC001 -->
