<?xml version="1.0" encoding="UTF-8"?>
<!-- Generated by org.testng.reporters.JUnitReportReporter -->
<testsuite hostname="LAPTOP-8HQPNJSF" failures="0" tests="1" name="com.web.testcases.UserEdit" time="0.321" errors="0" timestamp="28 Feb 2023 03:36:23 GMT" skipped="0">
  <testcase classname="com.web.testcases.UserEdit" name="editUser" time="0.321"/>
</testsuite> <!-- com.web.testcases.UserEdit -->
