<?xml version="1.0" encoding="UTF-8"?>
<!-- Generated by org.testng.reporters.JUnitReportReporter -->
<testsuite hostname="DESKTOP-P9S0QB9" failures="0" tests="1" name="com.testcase.testsuite.NaukriUpdate" time="45.596" errors="0" timestamp="26 Apr 2023 05:46:57 GMT" skipped="0">
  <testcase classname="com.testcase.testsuite.NaukriUpdate" name="UserCreation" time="45.596"/>
</testsuite> <!-- com.testcase.testsuite.NaukriUpdate -->
