<?xml version="1.0" encoding="UTF-8"?>
<!-- Generated by org.testng.reporters.JUnitReportReporter -->
<testsuite hostname="RaghavendraDamaraju" failures="0" tests="1" name="com.testcase.testsuite.SignupForMagento" time="35.966" errors="0" timestamp="18 May 2023 14:32:59 GMT" skipped="0">
  <testcase classname="com.testcase.testsuite.SignupForMagento" name="SignupMagento" time="35.966"/>
</testsuite> <!-- com.testcase.testsuite.SignupForMagento -->
