<?xml version="1.0" encoding="UTF-8"?>
<!-- Generated by org.testng.reporters.JUnitReportReporter -->
<testsuite hostname="LAPTOP-8HQPNJSF" failures="0" tests="1" name="com.web.testcases.UserDelete" time="40.605" errors="0" timestamp="27 Feb 2023 04:10:27 GMT" skipped="0">
  <testcase classname="com.web.testcases.UserDelete" name="deleteUser" time="40.605"/>
</testsuite> <!-- com.web.testcases.UserDelete -->
