<?xml version="1.0" encoding="UTF-8"?>
<!-- Generated by org.testng.reporters.JUnitReportReporter -->
<testsuite hostname="LAPTOP-8HQPNJSF" failures="0" tests="1" name="com.web.FlowchartAssessment.TC_005_Reg_AddPipeline" time="49.105" errors="0" timestamp="13 Apr 2023 10:20:35 GMT" skipped="0">
  <testcase classname="com.web.FlowchartAssessment.TC_005_Reg_AddPipeline" name="AddQuestions" time="49.105"/>
</testsuite> <!-- com.web.FlowchartAssessment.TC_005_Reg_AddPipeline -->
