<?xml version="1.0" encoding="UTF-8"?>
<!-- Generated by org.testng.reporters.JUnitReportReporter -->
<testsuite hostname="HYDPCM219697L" failures="0" tests="1" name="com.web.testcases.CartTestCase" time="47.254" errors="0" timestamp="11 Aug 2022 04:03:24 GMT" skipped="0">
  <testcase classname="com.web.testcases.CartTestCase" name="loginAsManager" time="47.254"/>
</testsuite> <!-- com.web.testcases.CartTestCase -->
