<?xml version="1.0" encoding="UTF-8"?>
<!-- Generated by org.testng.reporters.JUnitReportReporter -->
<testsuite hostname="DESKTOP-P9S0QB9" failures="0" tests="1" name="com.testcase.testsuite.SignupForMagento" time="95.436" errors="0" timestamp="08 May 2023 02:37:51 GMT" skipped="0">
  <testcase classname="com.testcase.testsuite.SignupForMagento" name="SignupMagento" time="95.436"/>
</testsuite> <!-- com.testcase.testsuite.SignupForMagento -->
