<?xml version="1.0" encoding="UTF-8"?>
<!-- Generated by org.testng.reporters.JUnitReportReporter -->
<testsuite hostname="LAPTOP-8HQPNJSF" failures="0" tests="1" name="com.web.testcases.TC002" time="22.987" errors="0" timestamp="27 Dec 2022 12:52:15 GMT" skipped="0">
  <testcase classname="com.web.testcases.TC002" name="loginAsManager" time="22.987"/>
</testsuite> <!-- com.web.testcases.TC002 -->
