<?xml version="1.0" encoding="UTF-8"?>
<!-- Generated by org.testng.reporters.JUnitReportReporter -->
<testsuite hostname="LAPTOP-8HQPNJSF" failures="0" tests="1" name="com.web.Idea.TC_35_Reg_ApprovalIdea" time="72.096" errors="0" timestamp="13 Apr 2023 10:20:35 GMT" skipped="0">
  <testcase classname="com.web.Idea.TC_35_Reg_ApprovalIdea" name="AddQuestions" time="72.096"/>
</testsuite> <!-- com.web.Idea.TC_35_Reg_ApprovalIdea -->
