<?xml version="1.0" encoding="UTF-8"?>
<!-- Generated by org.testng.reporters.JUnitReportReporter -->
<testsuite hostname="DESKTOP-P9S0QB9" failures="0" tests="1" name="com.testcase.testsuite.GoogleLinks" time="1.962" errors="0" timestamp="27 Apr 2023 10:57:10 GMT" skipped="0">
  <testcase classname="com.testcase.testsuite.GoogleLinks" name="UserCreation" time="1.962"/>
</testsuite> <!-- com.testcase.testsuite.GoogleLinks -->
