<?xml version="1.0" encoding="UTF-8"?>
<!-- Generated by org.testng.reporters.JUnitReportReporter -->
<testsuite hostname="HYDPCM219697L" failures="0" tests="1" name="com.testcases.web.LabelButtonCheck.TC002" time="16.574" errors="0" timestamp="06 May 2022 02:09:18 GMT" skipped="0">
  <testcase classname="com.testcases.web.LabelButtonCheck.TC002" name="loginAsManager" time="16.574"/>
</testsuite> <!-- com.testcases.web.LabelButtonCheck.TC002 -->
