<?xml version="1.0" encoding="UTF-8"?>
<!-- Generated by org.testng.reporters.JUnitReportReporter -->
<testsuite hostname="DESKTOP-P9S0QB9" failures="0" tests="1" name="com.testcase.testsuite.WikiDropDownSelect" time="7.571" errors="0" timestamp="27 Apr 2023 14:57:32 GMT" skipped="0">
  <testcase classname="com.testcase.testsuite.WikiDropDownSelect" name="UserCreation" time="7.571"/>
</testsuite> <!-- com.testcase.testsuite.WikiDropDownSelect -->
